sysbench 1.0.18 (using system LuaJIT 2.1.0-beta3)

Running the test with following options:
Number of threads: 2
Report intermediate results every 5 second(s)
Initializing random number generator from current time

Forcing shutdown in 301 seconds

Initializing worker threads...

Threads started!

[ 5s ] thds: 2 tps: 279.10 qps: 8097.94 (r/w/o: 8097.94/0.00/0.00) lat (ms,95%): 8.90 err/s: 0.00 reconn/s: 0.00
[ 10s ] thds: 2 tps: 267.41 qps: 7752.96 (r/w/o: 7752.96/0.00/0.00) lat (ms,95%): 9.56 err/s: 0.00 reconn/s: 0.00
[ 15s ] thds: 2 tps: 262.81 qps: 7626.26 (r/w/o: 7626.26/0.00/0.00) lat (ms,95%): 11.24 err/s: 0.00 reconn/s: 0.00
[ 20s ] thds: 2 tps: 266.00 qps: 7711.14 (r/w/o: 7711.14/0.00/0.00) lat (ms,95%): 9.06 err/s: 0.00 reconn/s: 0.00
[ 25s ] thds: 2 tps: 251.40 qps: 7288.91 (r/w/o: 7288.91/0.00/0.00) lat (ms,95%): 10.46 err/s: 0.00 reconn/s: 0.00
[ 30s ] thds: 2 tps: 246.00 qps: 7135.06 (r/w/o: 7135.06/0.00/0.00) lat (ms,95%): 12.08 err/s: 0.00 reconn/s: 0.00
[ 35s ] thds: 2 tps: 264.20 qps: 7662.84 (r/w/o: 7662.84/0.00/0.00) lat (ms,95%): 10.09 err/s: 0.00 reconn/s: 0.00
[ 40s ] thds: 2 tps: 295.19 qps: 8561.45 (r/w/o: 8561.45/0.00/0.00) lat (ms,95%): 8.58 err/s: 0.00 reconn/s: 0.00
[ 45s ] thds: 2 tps: 290.62 qps: 8426.85 (r/w/o: 8426.85/0.00/0.00) lat (ms,95%): 8.90 err/s: 0.00 reconn/s: 0.00
[ 50s ] thds: 2 tps: 285.60 qps: 8283.42 (r/w/o: 8283.42/0.00/0.00) lat (ms,95%): 8.90 err/s: 0.00 reconn/s: 0.00
[ 55s ] thds: 2 tps: 306.20 qps: 8880.33 (r/w/o: 8880.33/0.00/0.00) lat (ms,95%): 7.98 err/s: 0.00 reconn/s: 0.00
[ 60s ] thds: 2 tps: 307.40 qps: 8914.64 (r/w/o: 8914.64/0.00/0.00) lat (ms,95%): 7.43 err/s: 0.00 reconn/s: 0.00
[ 65s ] thds: 2 tps: 304.60 qps: 8837.53 (r/w/o: 8837.53/0.00/0.00) lat (ms,95%): 7.98 err/s: 0.00 reconn/s: 0.00
[ 70s ] thds: 2 tps: 302.40 qps: 8766.62 (r/w/o: 8766.62/0.00/0.00) lat (ms,95%): 7.98 err/s: 0.00 reconn/s: 0.00
[ 75s ] thds: 2 tps: 309.20 qps: 8967.63 (r/w/o: 8967.63/0.00/0.00) lat (ms,95%): 8.43 err/s: 0.00 reconn/s: 0.00
[ 80s ] thds: 2 tps: 304.60 qps: 8825.85 (r/w/o: 8825.85/0.00/0.00) lat (ms,95%): 7.70 err/s: 0.00 reconn/s: 0.00
[ 85s ] thds: 2 tps: 298.40 qps: 8659.70 (r/w/o: 8659.70/0.00/0.00) lat (ms,95%): 7.98 err/s: 0.00 reconn/s: 0.00
[ 90s ] thds: 2 tps: 280.00 qps: 8122.38 (r/w/o: 8122.38/0.00/0.00) lat (ms,95%): 8.58 err/s: 0.00 reconn/s: 0.00
[ 95s ] thds: 2 tps: 276.00 qps: 8000.05 (r/w/o: 8000.05/0.00/0.00) lat (ms,95%): 10.46 err/s: 0.00 reconn/s: 0.00
[ 100s ] thds: 2 tps: 297.60 qps: 8631.39 (r/w/o: 8631.39/0.00/0.00) lat (ms,95%): 8.13 err/s: 0.00 reconn/s: 0.00
[ 105s ] thds: 2 tps: 287.20 qps: 8325.42 (r/w/o: 8325.42/0.00/0.00) lat (ms,95%): 8.43 err/s: 0.00 reconn/s: 0.00
[ 110s ] thds: 2 tps: 281.40 qps: 8161.82 (r/w/o: 8161.82/0.00/0.00) lat (ms,95%): 9.22 err/s: 0.00 reconn/s: 0.00
[ 115s ] thds: 2 tps: 263.80 qps: 7649.32 (r/w/o: 7649.32/0.00/0.00) lat (ms,95%): 10.46 err/s: 0.00 reconn/s: 0.00
[ 120s ] thds: 2 tps: 276.60 qps: 8024.01 (r/w/o: 8024.01/0.00/0.00) lat (ms,95%): 9.06 err/s: 0.00 reconn/s: 0.00
[ 125s ] thds: 2 tps: 260.80 qps: 7566.11 (r/w/o: 7566.11/0.00/0.00) lat (ms,95%): 10.46 err/s: 0.00 reconn/s: 0.00
[ 130s ] thds: 2 tps: 263.60 qps: 7643.41 (r/w/o: 7643.41/0.00/0.00) lat (ms,95%): 11.45 err/s: 0.00 reconn/s: 0.00
[ 135s ] thds: 2 tps: 265.40 qps: 7695.82 (r/w/o: 7695.82/0.00/0.00) lat (ms,95%): 10.65 err/s: 0.00 reconn/s: 0.00
[ 140s ] thds: 2 tps: 269.19 qps: 7805.38 (r/w/o: 7805.38/0.00/0.00) lat (ms,95%): 9.06 err/s: 0.00 reconn/s: 0.00
[ 145s ] thds: 2 tps: 303.40 qps: 8796.13 (r/w/o: 8796.13/0.00/0.00) lat (ms,95%): 8.13 err/s: 0.00 reconn/s: 0.00
[ 150s ] thds: 2 tps: 279.00 qps: 8092.89 (r/w/o: 8092.89/0.00/0.00) lat (ms,95%): 8.74 err/s: 0.00 reconn/s: 0.00
[ 155s ] thds: 2 tps: 271.60 qps: 7876.91 (r/w/o: 7876.91/0.00/0.00) lat (ms,95%): 8.74 err/s: 0.00 reconn/s: 0.00
[ 160s ] thds: 2 tps: 274.99 qps: 7975.86 (r/w/o: 7975.86/0.00/0.00) lat (ms,95%): 8.90 err/s: 0.00 reconn/s: 0.00
[ 165s ] thds: 2 tps: 263.01 qps: 7627.71 (r/w/o: 7627.71/0.00/0.00) lat (ms,95%): 9.39 err/s: 0.00 reconn/s: 0.00
[ 170s ] thds: 2 tps: 266.60 qps: 7732.21 (r/w/o: 7732.21/0.00/0.00) lat (ms,95%): 9.73 err/s: 0.00 reconn/s: 0.00
[ 175s ] thds: 2 tps: 272.60 qps: 7900.39 (r/w/o: 7900.39/0.00/0.00) lat (ms,95%): 9.22 err/s: 0.00 reconn/s: 0.00
[ 180s ] thds: 2 tps: 265.00 qps: 7687.01 (r/w/o: 7687.01/0.00/0.00) lat (ms,95%): 10.46 err/s: 0.00 reconn/s: 0.00
[ 185s ] thds: 2 tps: 268.20 qps: 7777.06 (r/w/o: 7777.06/0.00/0.00) lat (ms,95%): 9.22 err/s: 0.00 reconn/s: 0.00
[ 190s ] thds: 2 tps: 278.21 qps: 8073.19 (r/w/o: 8073.19/0.00/0.00) lat (ms,95%): 9.22 err/s: 0.00 reconn/s: 0.00
[ 195s ] thds: 2 tps: 278.20 qps: 8063.35 (r/w/o: 8063.35/0.00/0.00) lat (ms,95%): 9.06 err/s: 0.00 reconn/s: 0.00
[ 200s ] thds: 2 tps: 277.40 qps: 8040.05 (r/w/o: 8040.05/0.00/0.00) lat (ms,95%): 9.06 err/s: 0.00 reconn/s: 0.00
[ 205s ] thds: 2 tps: 270.80 qps: 7859.07 (r/w/o: 7859.07/0.00/0.00) lat (ms,95%): 10.46 err/s: 0.00 reconn/s: 0.00
[ 210s ] thds: 2 tps: 189.00 qps: 5485.78 (r/w/o: 5485.78/0.00/0.00) lat (ms,95%): 19.65 err/s: 0.00 reconn/s: 0.00
[ 215s ] thds: 2 tps: 222.99 qps: 6464.41 (r/w/o: 6464.41/0.00/0.00) lat (ms,95%): 12.08 err/s: 0.00 reconn/s: 0.00
[ 220s ] thds: 2 tps: 231.59 qps: 6709.05 (r/w/o: 6709.05/0.00/0.00) lat (ms,95%): 10.84 err/s: 0.00 reconn/s: 0.00
[ 225s ] thds: 2 tps: 242.42 qps: 7034.30 (r/w/o: 7034.30/0.00/0.00) lat (ms,95%): 10.65 err/s: 0.00 reconn/s: 0.00
[ 230s ] thds: 2 tps: 266.00 qps: 7710.81 (r/w/o: 7710.81/0.00/0.00) lat (ms,95%): 9.56 err/s: 0.00 reconn/s: 0.00
[ 235s ] thds: 2 tps: 266.00 qps: 7718.47 (r/w/o: 7718.47/0.00/0.00) lat (ms,95%): 10.84 err/s: 0.00 reconn/s: 0.00
[ 240s ] thds: 2 tps: 295.00 qps: 8554.09 (r/w/o: 8554.09/0.00/0.00) lat (ms,95%): 8.43 err/s: 0.00 reconn/s: 0.00
[ 245s ] thds: 2 tps: 275.80 qps: 7998.22 (r/w/o: 7998.22/0.00/0.00) lat (ms,95%): 9.06 err/s: 0.00 reconn/s: 0.00
[ 250s ] thds: 2 tps: 292.40 qps: 8479.32 (r/w/o: 8479.32/0.00/0.00) lat (ms,95%): 8.28 err/s: 0.00 reconn/s: 0.00
[ 255s ] thds: 2 tps: 274.20 qps: 7952.49 (r/w/o: 7952.49/0.00/0.00) lat (ms,95%): 8.43 err/s: 0.00 reconn/s: 0.00
[ 260s ] thds: 2 tps: 163.99 qps: 4755.94 (r/w/o: 4755.94/0.00/0.00) lat (ms,95%): 9.73 err/s: 0.00 reconn/s: 0.00
[ 265s ] thds: 2 tps: 187.81 qps: 5444.44 (r/w/o: 5444.44/0.00/0.00) lat (ms,95%): 7.84 err/s: 0.00 reconn/s: 0.00
[ 270s ] thds: 2 tps: 159.00 qps: 4609.66 (r/w/o: 4609.66/0.00/0.00) lat (ms,95%): 9.91 err/s: 0.00 reconn/s: 0.00
[ 275s ] thds: 2 tps: 164.99 qps: 4789.07 (r/w/o: 4789.07/0.00/0.00) lat (ms,95%): 9.22 err/s: 0.00 reconn/s: 0.00
[ 280s ] thds: 2 tps: 162.00 qps: 4694.66 (r/w/o: 4694.66/0.00/0.00) lat (ms,95%): 8.74 err/s: 0.00 reconn/s: 0.00
[ 285s ] thds: 2 tps: 169.41 qps: 4915.58 (r/w/o: 4915.58/0.00/0.00) lat (ms,95%): 8.90 err/s: 0.00 reconn/s: 0.00
[ 290s ] thds: 2 tps: 151.60 qps: 4398.26 (r/w/o: 4398.26/0.00/0.00) lat (ms,95%): 13.70 err/s: 0.00 reconn/s: 0.00
[ 295s ] thds: 2 tps: 182.80 qps: 5301.83 (r/w/o: 5301.83/0.00/0.00) lat (ms,95%): 12.98 err/s: 0.00 reconn/s: 0.00
[ 300s ] thds: 2 tps: 227.40 qps: 6589.61 (r/w/o: 6589.61/0.00/0.00) lat (ms,95%): 12.98 err/s: 0.00 reconn/s: 0.00
SQL statistics:
    queries performed:
        read:                            2255707
        write:                           0
        other:                           0
        total:                           2255707
    transactions:                        77783  (259.16 per sec.)
    queries:                             2255707 (7515.59 per sec.)
    ignored errors:                      0      (0.00 per sec.)
    reconnects:                          0      (0.00 per sec.)

General statistics:
    total time:                          300.1356s
    total number of events:              77783

Latency (ms):
         min:                                    4.43
         avg:                                    7.71
         max:                                  241.09
         95th percentile:                        9.73
         sum:                               599962.48

Threads fairness:
    events (avg/stddev):           38891.5000/228.50
    execution time (avg/stddev):   299.9812/0.07

