sysbench 1.0.18 (using system LuaJIT 2.1.0-beta3)

Running the test with following options:
Number of threads: 2
Report intermediate results every 5 second(s)
Initializing random number generator from current time

Forcing shutdown in 301 seconds

Initializing worker threads...

Threads started!

[ 5s ] thds: 2 tps: 911.67 qps: 26444.94 (r/w/o: 26444.94/0.00/0.00) lat (ms,95%): 2.48 err/s: 0.00 reconn/s: 0.00
[ 10s ] thds: 2 tps: 914.87 qps: 26529.12 (r/w/o: 26529.12/0.00/0.00) lat (ms,95%): 2.71 err/s: 0.00 reconn/s: 0.00
[ 15s ] thds: 2 tps: 941.99 qps: 27324.20 (r/w/o: 27324.20/0.00/0.00) lat (ms,95%): 2.26 err/s: 0.00 reconn/s: 0.00
[ 20s ] thds: 2 tps: 940.20 qps: 27260.29 (r/w/o: 27260.29/0.00/0.00) lat (ms,95%): 2.30 err/s: 0.00 reconn/s: 0.00
[ 25s ] thds: 2 tps: 929.59 qps: 26960.06 (r/w/o: 26960.06/0.00/0.00) lat (ms,95%): 2.39 err/s: 0.00 reconn/s: 0.00
[ 30s ] thds: 2 tps: 879.20 qps: 25498.46 (r/w/o: 25498.46/0.00/0.00) lat (ms,95%): 3.19 err/s: 0.00 reconn/s: 0.00
[ 35s ] thds: 2 tps: 941.21 qps: 27296.17 (r/w/o: 27296.17/0.00/0.00) lat (ms,95%): 2.52 err/s: 0.00 reconn/s: 0.00
[ 40s ] thds: 2 tps: 926.00 qps: 26847.23 (r/w/o: 26847.23/0.00/0.00) lat (ms,95%): 2.35 err/s: 0.00 reconn/s: 0.00
[ 45s ] thds: 2 tps: 901.60 qps: 26151.28 (r/w/o: 26151.28/0.00/0.00) lat (ms,95%): 2.57 err/s: 0.00 reconn/s: 0.00
[ 50s ] thds: 2 tps: 878.81 qps: 25483.19 (r/w/o: 25483.19/0.00/0.00) lat (ms,95%): 2.81 err/s: 0.00 reconn/s: 0.00
[ 55s ] thds: 2 tps: 862.60 qps: 25017.87 (r/w/o: 25017.87/0.00/0.00) lat (ms,95%): 2.91 err/s: 0.00 reconn/s: 0.00
[ 60s ] thds: 2 tps: 860.79 qps: 24964.23 (r/w/o: 24964.23/0.00/0.00) lat (ms,95%): 2.76 err/s: 0.00 reconn/s: 0.00
[ 65s ] thds: 2 tps: 852.21 qps: 24707.56 (r/w/o: 24707.56/0.00/0.00) lat (ms,95%): 2.91 err/s: 0.00 reconn/s: 0.00
[ 70s ] thds: 2 tps: 857.00 qps: 24853.56 (r/w/o: 24853.56/0.00/0.00) lat (ms,95%): 2.97 err/s: 0.00 reconn/s: 0.00
[ 75s ] thds: 2 tps: 933.18 qps: 27065.90 (r/w/o: 27065.90/0.00/0.00) lat (ms,95%): 2.30 err/s: 0.00 reconn/s: 0.00
[ 80s ] thds: 2 tps: 921.82 qps: 26735.03 (r/w/o: 26735.03/0.00/0.00) lat (ms,95%): 2.35 err/s: 0.00 reconn/s: 0.00
[ 85s ] thds: 2 tps: 905.60 qps: 26260.72 (r/w/o: 26260.72/0.00/0.00) lat (ms,95%): 2.61 err/s: 0.00 reconn/s: 0.00
[ 90s ] thds: 2 tps: 866.40 qps: 25120.92 (r/w/o: 25120.92/0.00/0.00) lat (ms,95%): 2.81 err/s: 0.00 reconn/s: 0.00
[ 95s ] thds: 2 tps: 891.21 qps: 25847.32 (r/w/o: 25847.32/0.00/0.00) lat (ms,95%): 2.76 err/s: 0.00 reconn/s: 0.00
[ 100s ] thds: 2 tps: 908.00 qps: 26335.22 (r/w/o: 26335.22/0.00/0.00) lat (ms,95%): 2.66 err/s: 0.00 reconn/s: 0.00
[ 105s ] thds: 2 tps: 931.20 qps: 27006.51 (r/w/o: 27006.51/0.00/0.00) lat (ms,95%): 2.35 err/s: 0.00 reconn/s: 0.00
[ 110s ] thds: 2 tps: 931.20 qps: 27001.06 (r/w/o: 27001.06/0.00/0.00) lat (ms,95%): 2.39 err/s: 0.00 reconn/s: 0.00
[ 115s ] thds: 2 tps: 932.41 qps: 27041.69 (r/w/o: 27041.69/0.00/0.00) lat (ms,95%): 2.48 err/s: 0.00 reconn/s: 0.00
[ 120s ] thds: 2 tps: 970.79 qps: 28146.11 (r/w/o: 28146.11/0.00/0.00) lat (ms,95%): 2.39 err/s: 0.00 reconn/s: 0.00
[ 125s ] thds: 2 tps: 961.40 qps: 27885.49 (r/w/o: 27885.49/0.00/0.00) lat (ms,95%): 2.22 err/s: 0.00 reconn/s: 0.00
[ 130s ] thds: 2 tps: 996.00 qps: 28879.84 (r/w/o: 28879.84/0.00/0.00) lat (ms,95%): 2.22 err/s: 0.00 reconn/s: 0.00
[ 135s ] thds: 2 tps: 943.80 qps: 27370.18 (r/w/o: 27370.18/0.00/0.00) lat (ms,95%): 2.26 err/s: 0.00 reconn/s: 0.00
[ 140s ] thds: 2 tps: 959.61 qps: 27833.01 (r/w/o: 27833.01/0.00/0.00) lat (ms,95%): 2.30 err/s: 0.00 reconn/s: 0.00
[ 145s ] thds: 2 tps: 960.79 qps: 27862.84 (r/w/o: 27862.84/0.00/0.00) lat (ms,95%): 2.30 err/s: 0.00 reconn/s: 0.00
[ 150s ] thds: 2 tps: 868.61 qps: 25191.00 (r/w/o: 25191.00/0.00/0.00) lat (ms,95%): 3.07 err/s: 0.00 reconn/s: 0.00
[ 155s ] thds: 2 tps: 905.40 qps: 26252.36 (r/w/o: 26252.36/0.00/0.00) lat (ms,95%): 2.86 err/s: 0.00 reconn/s: 0.00
[ 160s ] thds: 2 tps: 943.80 qps: 27375.23 (r/w/o: 27375.23/0.00/0.00) lat (ms,95%): 2.48 err/s: 0.00 reconn/s: 0.00
[ 165s ] thds: 2 tps: 968.20 qps: 28077.32 (r/w/o: 28077.32/0.00/0.00) lat (ms,95%): 2.26 err/s: 0.00 reconn/s: 0.00
[ 170s ] thds: 2 tps: 978.20 qps: 28364.88 (r/w/o: 28364.88/0.00/0.00) lat (ms,95%): 2.26 err/s: 0.00 reconn/s: 0.00
[ 175s ] thds: 2 tps: 979.60 qps: 28411.14 (r/w/o: 28411.14/0.00/0.00) lat (ms,95%): 2.18 err/s: 0.00 reconn/s: 0.00
[ 180s ] thds: 2 tps: 966.39 qps: 28017.82 (r/w/o: 28017.82/0.00/0.00) lat (ms,95%): 2.26 err/s: 0.00 reconn/s: 0.00
[ 185s ] thds: 2 tps: 912.18 qps: 26455.73 (r/w/o: 26455.73/0.00/0.00) lat (ms,95%): 2.76 err/s: 0.00 reconn/s: 0.00
[ 190s ] thds: 2 tps: 863.60 qps: 25044.58 (r/w/o: 25044.58/0.00/0.00) lat (ms,95%): 2.97 err/s: 0.00 reconn/s: 0.00
[ 195s ] thds: 2 tps: 831.81 qps: 24125.99 (r/w/o: 24125.99/0.00/0.00) lat (ms,95%): 3.07 err/s: 0.00 reconn/s: 0.00
[ 200s ] thds: 2 tps: 828.00 qps: 24012.40 (r/w/o: 24012.40/0.00/0.00) lat (ms,95%): 2.97 err/s: 0.00 reconn/s: 0.00
[ 205s ] thds: 2 tps: 888.39 qps: 25762.42 (r/w/o: 25762.42/0.00/0.00) lat (ms,95%): 2.76 err/s: 0.00 reconn/s: 0.00
[ 210s ] thds: 2 tps: 835.20 qps: 24218.53 (r/w/o: 24218.53/0.00/0.00) lat (ms,95%): 3.07 err/s: 0.00 reconn/s: 0.00
[ 215s ] thds: 2 tps: 812.60 qps: 23565.00 (r/w/o: 23565.00/0.00/0.00) lat (ms,95%): 3.07 err/s: 0.00 reconn/s: 0.00
[ 220s ] thds: 2 tps: 782.40 qps: 22689.27 (r/w/o: 22689.27/0.00/0.00) lat (ms,95%): 3.30 err/s: 0.00 reconn/s: 0.00
[ 225s ] thds: 2 tps: 739.59 qps: 21450.40 (r/w/o: 21450.40/0.00/0.00) lat (ms,95%): 3.55 err/s: 0.00 reconn/s: 0.00
[ 230s ] thds: 2 tps: 777.22 qps: 22537.29 (r/w/o: 22537.29/0.00/0.00) lat (ms,95%): 3.25 err/s: 0.00 reconn/s: 0.00
[ 235s ] thds: 2 tps: 803.80 qps: 23317.30 (r/w/o: 23317.30/0.00/0.00) lat (ms,95%): 3.13 err/s: 0.00 reconn/s: 0.00
[ 240s ] thds: 2 tps: 838.79 qps: 24318.74 (r/w/o: 24318.74/0.00/0.00) lat (ms,95%): 3.02 err/s: 0.00 reconn/s: 0.00
[ 245s ] thds: 2 tps: 950.21 qps: 27555.22 (r/w/o: 27555.22/0.00/0.00) lat (ms,95%): 2.39 err/s: 0.00 reconn/s: 0.00
[ 250s ] thds: 2 tps: 954.21 qps: 27675.25 (r/w/o: 27675.25/0.00/0.00) lat (ms,95%): 2.26 err/s: 0.00 reconn/s: 0.00
[ 255s ] thds: 2 tps: 958.38 qps: 27792.23 (r/w/o: 27792.23/0.00/0.00) lat (ms,95%): 2.52 err/s: 0.00 reconn/s: 0.00
[ 260s ] thds: 2 tps: 966.41 qps: 28026.41 (r/w/o: 28026.41/0.00/0.00) lat (ms,95%): 2.26 err/s: 0.00 reconn/s: 0.00
[ 265s ] thds: 2 tps: 982.59 qps: 28497.43 (r/w/o: 28497.43/0.00/0.00) lat (ms,95%): 2.35 err/s: 0.00 reconn/s: 0.00
[ 270s ] thds: 2 tps: 843.01 qps: 24443.45 (r/w/o: 24443.45/0.00/0.00) lat (ms,95%): 3.07 err/s: 0.00 reconn/s: 0.00
[ 275s ] thds: 2 tps: 865.79 qps: 25111.79 (r/w/o: 25111.79/0.00/0.00) lat (ms,95%): 2.86 err/s: 0.00 reconn/s: 0.00
[ 280s ] thds: 2 tps: 908.41 qps: 26339.75 (r/w/o: 26339.75/0.00/0.00) lat (ms,95%): 2.57 err/s: 0.00 reconn/s: 0.00
[ 285s ] thds: 2 tps: 842.19 qps: 24424.96 (r/w/o: 24424.96/0.00/0.00) lat (ms,95%): 3.02 err/s: 0.00 reconn/s: 0.00
[ 290s ] thds: 2 tps: 870.19 qps: 25236.99 (r/w/o: 25236.99/0.00/0.00) lat (ms,95%): 2.86 err/s: 0.00 reconn/s: 0.00
[ 295s ] thds: 2 tps: 865.62 qps: 25104.04 (r/w/o: 25104.04/0.00/0.00) lat (ms,95%): 2.76 err/s: 0.00 reconn/s: 0.00
[ 300s ] thds: 2 tps: 876.00 qps: 25402.18 (r/w/o: 25402.18/0.00/0.00) lat (ms,95%): 2.91 err/s: 0.00 reconn/s: 0.00
SQL statistics:
    queries performed:
        read:                            7832697
        write:                           0
        other:                           0
        total:                           7832697
    transactions:                        270093 (900.29 per sec.)
    queries:                             7832697 (26108.54 per sec.)
    ignored errors:                      0      (0.00 per sec.)
    reconnects:                          0      (0.00 per sec.)

General statistics:
    total time:                          300.0039s
    total number of events:              270093

Latency (ms):
         min:                                    1.36
         avg:                                    2.22
         max:                                   20.91
         95th percentile:                        2.81
         sum:                               599599.56

Threads fairness:
    events (avg/stddev):           135046.5000/33.50
    execution time (avg/stddev):   299.7998/0.00

