sysbench 1.0.18 (using system LuaJIT 2.1.0-beta3)

Running the test with following options:
Number of threads: 2
Report intermediate results every 5 second(s)
Initializing random number generator from current time

Forcing shutdown in 301 seconds

Initializing worker threads...

Threads started!

[ 5s ] thds: 2 tps: 1118.23 qps: 32434.28 (r/w/o: 32434.28/0.00/0.00) lat (ms,95%): 2.26 err/s: 0.00 reconn/s: 0.00
[ 10s ] thds: 2 tps: 1125.04 qps: 32630.79 (r/w/o: 32630.79/0.00/0.00) lat (ms,95%): 2.18 err/s: 0.00 reconn/s: 0.00
[ 15s ] thds: 2 tps: 1059.37 qps: 30718.25 (r/w/o: 30718.25/0.00/0.00) lat (ms,95%): 2.30 err/s: 0.00 reconn/s: 0.00
[ 20s ] thds: 2 tps: 1100.82 qps: 31927.32 (r/w/o: 31927.32/0.00/0.00) lat (ms,95%): 2.26 err/s: 0.00 reconn/s: 0.00
[ 25s ] thds: 2 tps: 1142.76 qps: 33134.11 (r/w/o: 33134.11/0.00/0.00) lat (ms,95%): 2.35 err/s: 0.00 reconn/s: 0.00
[ 30s ] thds: 2 tps: 984.22 qps: 28543.11 (r/w/o: 28543.11/0.00/0.00) lat (ms,95%): 3.13 err/s: 0.00 reconn/s: 0.00
[ 35s ] thds: 2 tps: 993.59 qps: 28818.02 (r/w/o: 28818.02/0.00/0.00) lat (ms,95%): 2.71 err/s: 0.00 reconn/s: 0.00
[ 40s ] thds: 2 tps: 1034.02 qps: 29984.04 (r/w/o: 29984.04/0.00/0.00) lat (ms,95%): 2.48 err/s: 0.00 reconn/s: 0.00
[ 45s ] thds: 2 tps: 1077.62 qps: 31251.45 (r/w/o: 31251.45/0.00/0.00) lat (ms,95%): 2.30 err/s: 0.00 reconn/s: 0.00
[ 50s ] thds: 2 tps: 1136.55 qps: 32960.21 (r/w/o: 32960.21/0.00/0.00) lat (ms,95%): 2.11 err/s: 0.00 reconn/s: 0.00
[ 55s ] thds: 2 tps: 1148.85 qps: 33318.11 (r/w/o: 33318.11/0.00/0.00) lat (ms,95%): 2.22 err/s: 0.00 reconn/s: 0.00
[ 60s ] thds: 2 tps: 1149.20 qps: 33325.47 (r/w/o: 33325.47/0.00/0.00) lat (ms,95%): 2.07 err/s: 0.00 reconn/s: 0.00
[ 65s ] thds: 2 tps: 1188.20 qps: 34456.88 (r/w/o: 34456.88/0.00/0.00) lat (ms,95%): 2.18 err/s: 0.00 reconn/s: 0.00
[ 70s ] thds: 2 tps: 1156.78 qps: 33546.86 (r/w/o: 33546.86/0.00/0.00) lat (ms,95%): 2.03 err/s: 0.00 reconn/s: 0.00
[ 75s ] thds: 2 tps: 1264.03 qps: 36653.89 (r/w/o: 36653.89/0.00/0.00) lat (ms,95%): 2.00 err/s: 0.00 reconn/s: 0.00
[ 80s ] thds: 2 tps: 1105.76 qps: 32069.97 (r/w/o: 32069.97/0.00/0.00) lat (ms,95%): 2.18 err/s: 0.00 reconn/s: 0.00
[ 85s ] thds: 2 tps: 1229.23 qps: 35646.76 (r/w/o: 35646.76/0.00/0.00) lat (ms,95%): 2.14 err/s: 0.00 reconn/s: 0.00
[ 90s ] thds: 2 tps: 1291.00 qps: 37439.88 (r/w/o: 37439.88/0.00/0.00) lat (ms,95%): 2.00 err/s: 0.00 reconn/s: 0.00
[ 95s ] thds: 2 tps: 1096.41 qps: 31798.64 (r/w/o: 31798.64/0.00/0.00) lat (ms,95%): 2.30 err/s: 0.00 reconn/s: 0.00
[ 100s ] thds: 2 tps: 1128.00 qps: 32712.95 (r/w/o: 32712.95/0.00/0.00) lat (ms,95%): 2.14 err/s: 0.00 reconn/s: 0.00
[ 105s ] thds: 2 tps: 1067.00 qps: 30941.01 (r/w/o: 30941.01/0.00/0.00) lat (ms,95%): 2.39 err/s: 0.00 reconn/s: 0.00
[ 110s ] thds: 2 tps: 1111.21 qps: 32224.64 (r/w/o: 32224.64/0.00/0.00) lat (ms,95%): 2.26 err/s: 0.00 reconn/s: 0.00
[ 115s ] thds: 2 tps: 1158.79 qps: 33601.15 (r/w/o: 33601.15/0.00/0.00) lat (ms,95%): 2.26 err/s: 0.00 reconn/s: 0.00
[ 120s ] thds: 2 tps: 1085.00 qps: 31467.60 (r/w/o: 31467.60/0.00/0.00) lat (ms,95%): 2.35 err/s: 0.00 reconn/s: 0.00
[ 125s ] thds: 2 tps: 1188.36 qps: 34459.42 (r/w/o: 34459.42/0.00/0.00) lat (ms,95%): 2.07 err/s: 0.00 reconn/s: 0.00
[ 130s ] thds: 2 tps: 1207.45 qps: 35016.57 (r/w/o: 35016.57/0.00/0.00) lat (ms,95%): 1.76 err/s: 0.00 reconn/s: 0.00
[ 135s ] thds: 2 tps: 1228.99 qps: 35644.22 (r/w/o: 35644.22/0.00/0.00) lat (ms,95%): 1.76 err/s: 0.00 reconn/s: 0.00
[ 140s ] thds: 2 tps: 1211.20 qps: 35126.00 (r/w/o: 35126.00/0.00/0.00) lat (ms,95%): 1.76 err/s: 0.00 reconn/s: 0.00
[ 145s ] thds: 2 tps: 1235.20 qps: 35820.33 (r/w/o: 35820.33/0.00/0.00) lat (ms,95%): 1.93 err/s: 0.00 reconn/s: 0.00
[ 150s ] thds: 2 tps: 1107.20 qps: 32107.30 (r/w/o: 32107.30/0.00/0.00) lat (ms,95%): 2.11 err/s: 0.00 reconn/s: 0.00
[ 155s ] thds: 2 tps: 1135.39 qps: 32929.55 (r/w/o: 32929.55/0.00/0.00) lat (ms,95%): 2.11 err/s: 0.00 reconn/s: 0.00
[ 160s ] thds: 2 tps: 1224.00 qps: 35493.34 (r/w/o: 35493.34/0.00/0.00) lat (ms,95%): 1.79 err/s: 0.00 reconn/s: 0.00
[ 165s ] thds: 2 tps: 1156.00 qps: 33522.05 (r/w/o: 33522.05/0.00/0.00) lat (ms,95%): 1.96 err/s: 0.00 reconn/s: 0.00
[ 170s ] thds: 2 tps: 1183.20 qps: 34310.01 (r/w/o: 34310.01/0.00/0.00) lat (ms,95%): 1.82 err/s: 0.00 reconn/s: 0.00
[ 175s ] thds: 2 tps: 1206.69 qps: 34998.36 (r/w/o: 34998.36/0.00/0.00) lat (ms,95%): 1.79 err/s: 0.00 reconn/s: 0.00
[ 180s ] thds: 2 tps: 1252.58 qps: 36324.30 (r/w/o: 36324.30/0.00/0.00) lat (ms,95%): 1.76 err/s: 0.00 reconn/s: 0.00
[ 185s ] thds: 2 tps: 1240.39 qps: 35972.44 (r/w/o: 35972.44/0.00/0.00) lat (ms,95%): 1.82 err/s: 0.00 reconn/s: 0.00
[ 190s ] thds: 2 tps: 1233.61 qps: 35771.54 (r/w/o: 35771.54/0.00/0.00) lat (ms,95%): 1.73 err/s: 0.00 reconn/s: 0.00
[ 195s ] thds: 2 tps: 1171.59 qps: 33974.44 (r/w/o: 33974.44/0.00/0.00) lat (ms,95%): 2.00 err/s: 0.00 reconn/s: 0.00
[ 200s ] thds: 2 tps: 1203.81 qps: 34914.15 (r/w/o: 34914.15/0.00/0.00) lat (ms,95%): 1.82 err/s: 0.00 reconn/s: 0.00
[ 205s ] thds: 2 tps: 1223.18 qps: 35467.88 (r/w/o: 35467.88/0.00/0.00) lat (ms,95%): 1.70 err/s: 0.00 reconn/s: 0.00
[ 210s ] thds: 2 tps: 1069.39 qps: 31013.79 (r/w/o: 31013.79/0.00/0.00) lat (ms,95%): 2.39 err/s: 0.00 reconn/s: 0.00
[ 215s ] thds: 2 tps: 1146.84 qps: 33258.73 (r/w/o: 33258.73/0.00/0.00) lat (ms,95%): 2.07 err/s: 0.00 reconn/s: 0.00
[ 220s ] thds: 2 tps: 1220.38 qps: 35389.54 (r/w/o: 35389.54/0.00/0.00) lat (ms,95%): 1.76 err/s: 0.00 reconn/s: 0.00
[ 225s ] thds: 2 tps: 1203.82 qps: 34909.71 (r/w/o: 34909.71/0.00/0.00) lat (ms,95%): 1.82 err/s: 0.00 reconn/s: 0.00
[ 230s ] thds: 2 tps: 1226.80 qps: 35584.34 (r/w/o: 35584.34/0.00/0.00) lat (ms,95%): 1.76 err/s: 0.00 reconn/s: 0.00
[ 235s ] thds: 2 tps: 1232.61 qps: 35736.63 (r/w/o: 35736.63/0.00/0.00) lat (ms,95%): 2.03 err/s: 0.00 reconn/s: 0.00
[ 240s ] thds: 2 tps: 1209.80 qps: 35085.78 (r/w/o: 35085.78/0.00/0.00) lat (ms,95%): 1.76 err/s: 0.00 reconn/s: 0.00
[ 245s ] thds: 2 tps: 1210.39 qps: 35107.39 (r/w/o: 35107.39/0.00/0.00) lat (ms,95%): 1.79 err/s: 0.00 reconn/s: 0.00
[ 250s ] thds: 2 tps: 1221.20 qps: 35408.08 (r/w/o: 35408.08/0.00/0.00) lat (ms,95%): 1.76 err/s: 0.00 reconn/s: 0.00
[ 255s ] thds: 2 tps: 1239.00 qps: 35935.92 (r/w/o: 35935.92/0.00/0.00) lat (ms,95%): 2.00 err/s: 0.00 reconn/s: 0.00
[ 260s ] thds: 2 tps: 1222.20 qps: 35443.77 (r/w/o: 35443.77/0.00/0.00) lat (ms,95%): 1.89 err/s: 0.00 reconn/s: 0.00
[ 265s ] thds: 2 tps: 1207.61 qps: 35024.79 (r/w/o: 35024.79/0.00/0.00) lat (ms,95%): 1.93 err/s: 0.00 reconn/s: 0.00
[ 270s ] thds: 2 tps: 1044.76 qps: 30292.90 (r/w/o: 30292.90/0.00/0.00) lat (ms,95%): 2.52 err/s: 0.00 reconn/s: 0.00
[ 275s ] thds: 2 tps: 1045.83 qps: 30330.44 (r/w/o: 30330.44/0.00/0.00) lat (ms,95%): 2.48 err/s: 0.00 reconn/s: 0.00
[ 280s ] thds: 2 tps: 1078.59 qps: 31275.88 (r/w/o: 31275.88/0.00/0.00) lat (ms,95%): 2.30 err/s: 0.00 reconn/s: 0.00
[ 285s ] thds: 2 tps: 1133.00 qps: 32861.07 (r/w/o: 32861.07/0.00/0.00) lat (ms,95%): 2.14 err/s: 0.00 reconn/s: 0.00
[ 290s ] thds: 2 tps: 1162.80 qps: 33722.47 (r/w/o: 33722.47/0.00/0.00) lat (ms,95%): 2.18 err/s: 0.00 reconn/s: 0.00
[ 295s ] thds: 2 tps: 1221.41 qps: 35414.50 (r/w/o: 35414.50/0.00/0.00) lat (ms,95%): 2.11 err/s: 0.00 reconn/s: 0.00
[ 300s ] thds: 2 tps: 1091.19 qps: 31652.04 (r/w/o: 31652.04/0.00/0.00) lat (ms,95%): 2.30 err/s: 0.00 reconn/s: 0.00
SQL statistics:
    queries performed:
        read:                            10084576
        write:                           0
        other:                           0
        total:                           10084576
    transactions:                        347744 (1159.13 per sec.)
    queries:                             10084576 (33614.79 per sec.)
    ignored errors:                      0      (0.00 per sec.)
    reconnects:                          0      (0.00 per sec.)

General statistics:
    total time:                          300.0029s
    total number of events:              347744

Latency (ms):
         min:                                    1.04
         avg:                                    1.72
         max:                                   20.57
         95th percentile:                        2.18
         sum:                               599516.93

Threads fairness:
    events (avg/stddev):           173872.0000/208.00
    execution time (avg/stddev):   299.7585/0.00

